Using pre-set license
Built from '2021.3/staging' branch; Version is '2021.3.22f1 (b6c551784ba3) revision 11978065'; Using compiler version '192829333'; Build Type 'Release'
OS: 'Windows 11  (10.0.22621) 64bit Core' Language: 'ko' Physical Memory: 32559 MB
BatchMode: 1, IsHumanControllingUs: 0, StartBugReporterOnCrash: 0, Is64bit: 1, IsPro: 1

COMMAND LINE ARGUMENTS:
C:\Program Files\Unity\Hub\Editor\2021.3.22f1\Editor\Unity.exe
-adb2
-batchMode
-noUpm
-name
AssetImportWorker4
-projectPath
D:/Unity/VRShooting
-logFile
Logs/AssetImportWorker4.log
-srvPort
5704
Successfully changed project path to: D:/Unity/VRShooting
D:/Unity/VRShooting
[UnityMemory] Configuration Parameters - Can be set up in boot.config
    "memorysetup-bucket-allocator-granularity=16"
    "memorysetup-bucket-allocator-bucket-count=8"
    "memorysetup-bucket-allocator-block-size=33554432"
    "memorysetup-bucket-allocator-block-count=8"
    "memorysetup-main-allocator-block-size=16777216"
    "memorysetup-thread-allocator-block-size=16777216"
    "memorysetup-gfx-main-allocator-block-size=16777216"
    "memorysetup-gfx-thread-allocator-block-size=16777216"
    "memorysetup-cache-allocator-block-size=4194304"
    "memorysetup-typetree-allocator-block-size=2097152"
    "memorysetup-profiler-bucket-allocator-granularity=16"
    "memorysetup-profiler-bucket-allocator-bucket-count=8"
    "memorysetup-profiler-bucket-allocator-block-size=33554432"
    "memorysetup-profiler-bucket-allocator-block-count=8"
    "memorysetup-profiler-allocator-block-size=16777216"
    "memorysetup-profiler-editor-allocator-block-size=1048576"
    "memorysetup-temp-allocator-size-main=16777216"
    "memorysetup-job-temp-allocator-block-size=2097152"
    "memorysetup-job-temp-allocator-block-size-background=1048576"
    "memorysetup-job-temp-allocator-reduction-small-platforms=262144"
    "memorysetup-temp-allocator-size-background-worker=32768"
    "memorysetup-temp-allocator-size-job-worker=262144"
    "memorysetup-temp-allocator-size-preload-manager=33554432"
    "memorysetup-temp-allocator-size-nav-mesh-worker=65536"
    "memorysetup-temp-allocator-size-audio-worker=65536"
    "memorysetup-temp-allocator-size-cloud-worker=32768"
    "memorysetup-temp-allocator-size-gi-baking-worker=262144"
    "memorysetup-temp-allocator-size-gfx=262144"
Player connection [20532] Host "[IP] 192.168.0.13 [Port] 0 [Flags] 2 [Guid] 1534924319 [EditorId] 1534924319 [Version] 1048832 [Id] WindowsEditor(7,ksw) [Debug] 1 [PackageName] WindowsEditor [ProjectName] Editor" joined multi-casting on [225.0.0.222:54997]...

Player connection [20532] Host "[IP] 192.168.0.13 [Port] 0 [Flags] 2 [Guid] 1534924319 [EditorId] 1534924319 [Version] 1048832 [Id] WindowsEditor(7,ksw) [Debug] 1 [PackageName] WindowsEditor [ProjectName] Editor" joined alternative multi-casting on [225.0.0.222:34997]...

Refreshing native plugins compatible for Editor in 47.14 ms, found 3 plugins.
Preloading 0 native plugins for Editor in 0.00 ms.
Initialize engine version: 2021.3.22f1 (b6c551784ba3)
[Subsystems] Discovering subsystems at path C:/Program Files/Unity/Hub/Editor/2021.3.22f1/Editor/Data/Resources/UnitySubsystems
[Subsystems] Discovering subsystems at path D:/Unity/VRShooting/Assets
GfxDevice: creating device client; threaded=0; jobified=0
Direct3D:
    Version:  Direct3D 11.0 [level 11.1]
    Renderer: NVIDIA GeForce RTX 3060 Ti (ID=0x2489)
    Vendor:   NVIDIA
    VRAM:     8050 MB
    Driver:   30.0.15.1215
Initialize mono
Mono path[0] = 'C:/Program Files/Unity/Hub/Editor/2021.3.22f1/Editor/Data/Managed'
Mono path[1] = 'C:/Program Files/Unity/Hub/Editor/2021.3.22f1/Editor/Data/MonoBleedingEdge/lib/mono/unityjit-win32'
Mono config path = 'C:/Program Files/Unity/Hub/Editor/2021.3.22f1/Editor/Data/MonoBleedingEdge/etc'
Using monoOptions --debugger-agent=transport=dt_socket,embedding=1,server=y,suspend=n,address=127.0.0.1:56648
Begin MonoManager ReloadAssembly
Registering precompiled unity dll's ...
Register platform support module: C:/Program Files/Unity/Hub/Editor/2021.3.22f1/Editor/Data/PlaybackEngines/AndroidPlayer/UnityEditor.Android.Extensions.dll
Register platform support module: C:/Program Files/Unity/Hub/Editor/2021.3.22f1/Editor/Data/PlaybackEngines/iOSSupport/UnityEditor.iOS.Extensions.dll
Register platform support module: C:/Program Files/Unity/Hub/Editor/2021.3.22f1/Editor/Data/PlaybackEngines/WindowsStandaloneSupport/UnityEditor.WindowsStandalone.Extensions.dll
Registered in 0.014304 seconds.
Native extension for WindowsStandalone target not found
[usbmuxd] Start listen thread
[usbmuxd] Listen thread started
Native extension for iOS target not found
Native extension for Android target not found
Android Extension - Scanning For ADB Devices 237 ms
Refreshing native plugins compatible for Editor in 42.42 ms, found 3 plugins.
Preloading 0 native plugins for Editor in 0.00 ms.
Mono: successfully reloaded assembly
- Completed reload, in  0.771 seconds
Domain Reload Profiling:
	ReloadAssembly (771ms)
		BeginReloadAssembly (108ms)
			ExecutionOrderSort (0ms)
			DisableScriptedObjects (0ms)
			BackupInstance (0ms)
			ReleaseScriptingObjects (0ms)
			CreateAndSetChildDomain (0ms)
		EndReloadAssembly (569ms)
			LoadAssemblies (105ms)
			RebuildTransferFunctionScriptingTraits (0ms)
			SetupTypeCache (88ms)
			ReleaseScriptCaches (0ms)
			RebuildScriptCaches (17ms)
			SetupLoadedEditorAssemblies (420ms)
				LogAssemblyErrors (0ms)
				InitializePlatformSupportModulesInManaged (293ms)
				SetLoadedEditorAssemblies (0ms)
				RefreshPlugins (42ms)
				BeforeProcessingInitializeOnLoad (1ms)
				ProcessInitializeOnLoadAttributes (50ms)
				ProcessInitializeOnLoadMethodAttributes (34ms)
				AfterProcessingInitializeOnLoad (0ms)
				EditorAssembliesLoaded (0ms)
			ExecutionOrderSort2 (0ms)
			AwakeInstancesAfterBackupRestoration (0ms)
Platform modules already initialized, skipping
Registering precompiled user dll's ...
Registered in 0.002096 seconds.
Begin MonoManager ReloadAssembly
Symbol file LoadedFromMemory doesn't match image D:\Unity\VRShooting\Library\PackageCache\com.unity.visualscripting@1.8.0\Editor\VisualScripting.Core\Dependencies\YamlDotNet\Unity.VisualScripting.YamlDotNet.dll
Symbol file LoadedFromMemory doesn't match image D:\Unity\VRShooting\Library\PackageCache\com.unity.visualscripting@1.8.0\Editor\VisualScripting.Core\Dependencies\DotNetZip\Unity.VisualScripting.IonicZip.dll
Native extension for WindowsStandalone target not found
Native extension for iOS target not found
Native extension for Android target not found
Refreshing native plugins compatible for Editor in 0.31 ms, found 3 plugins.
Preloading 0 native plugins for Editor in 0.00 ms.
Mono: successfully reloaded assembly
- Completed reload, in  0.784 seconds
Domain Reload Profiling:
	ReloadAssembly (784ms)
		BeginReloadAssembly (107ms)
			ExecutionOrderSort (0ms)
			DisableScriptedObjects (3ms)
			BackupInstance (0ms)
			ReleaseScriptingObjects (0ms)
			CreateAndSetChildDomain (12ms)
		EndReloadAssembly (598ms)
			LoadAssemblies (115ms)
			RebuildTransferFunctionScriptingTraits (0ms)
			SetupTypeCache (215ms)
			ReleaseScriptCaches (0ms)
			RebuildScriptCaches (30ms)
			SetupLoadedEditorAssemblies (234ms)
				LogAssemblyErrors (0ms)
				InitializePlatformSupportModulesInManaged (23ms)
				SetLoadedEditorAssemblies (0ms)
				RefreshPlugins (0ms)
				BeforeProcessingInitializeOnLoad (54ms)
				ProcessInitializeOnLoadAttributes (130ms)
				ProcessInitializeOnLoadMethodAttributes (12ms)
				AfterProcessingInitializeOnLoad (15ms)
				EditorAssembliesLoaded (0ms)
			ExecutionOrderSort2 (0ms)
			AwakeInstancesAfterBackupRestoration (11ms)
Platform modules already initialized, skipping
========================================================================
Worker process is ready to serve import requests
Launched and connected shader compiler UnityShaderCompiler.exe after 0.04 seconds
Refreshing native plugins compatible for Editor in 0.31 ms, found 3 plugins.
Preloading 0 native plugins for Editor in 0.00 ms.
Unloading 3047 Unused Serialized files (Serialized files now loaded: 0)
Unloading 24 unused Assets / (113.4 KB). Loaded Objects now: 3509.
Memory consumption went from 112.0 MB to 111.9 MB.
Total: 3.183200 ms (FindLiveObjects: 0.219700 ms CreateObjectMapping: 0.143800 ms MarkObjects: 2.717400 ms  DeleteObjects: 0.101400 ms)

AssetImportParameters requested are different than current active one (requested -> active):
  custom:video-decoder-ogg-theora: a1e56fd34408186e4bbccfd4996cb3dc -> 
  custom:container-muxer-webm: aa71ff27fc2769a1b78a27578f13a17b -> 
  custom:container-demuxer-webm: 4f35f7cbe854078d1ac9338744f61a02 -> 
  custom:video-encoder-webm-vp8: eb34c28f22e8b96e1ab97ce403110664 -> 
  custom:audio-encoder-webm-vorbis: bf7c407c2cedff20999df2af8eb42d56 -> 
  custom:framework-win-MediaFoundation: 216162199b28c13a410421893ffa2e32 -> 
  custom:container-demuxer-ogg: 62fdf1f143b41e24485cea50d1cbac27 -> 
  custom:video-decoder-webm-vp8: 9c59270c3fd7afecdb556c50c9e8de78 -> 
  custom:audio-decoder-ogg-vorbis: bf7c407c2cedff20999df2af8eb42d56 -> 
========================================================================
Received Import Request.
  Time since last request: 3953.732045 seconds.
  path: Assets/VRShooting/Textures/ArchesDiffuse.png
  artifactKey: Guid(f991c5ebb40b5db42b9505a1a96c5ffa) Importer(815301076,1909f56bfc062723c751e8b465ee728b)
Start importing Assets/VRShooting/Textures/ArchesDiffuse.png using Guid(f991c5ebb40b5db42b9505a1a96c5ffa) Importer(815301076,1909f56bfc062723c751e8b465ee728b)  -> (artifact id: 'c31755272ce25ddbdd41356329e73f82') in 0.344279 seconds 
========================================================================
Received Import Request.
  Time since last request: 0.000017 seconds.
  path: Assets/VRShooting/Textures/BatDiffuse.png
  artifactKey: Guid(028342423eafc3a4d8ea4788371d744d) Importer(815301076,1909f56bfc062723c751e8b465ee728b)
Start importing Assets/VRShooting/Textures/BatDiffuse.png using Guid(028342423eafc3a4d8ea4788371d744d) Importer(815301076,1909f56bfc062723c751e8b465ee728b)  -> (artifact id: '7f3b6ae75f9465c639396c4fac9fea0e') in 0.006562 seconds 
========================================================================
Received Import Request.
  Time since last request: 0.000016 seconds.
  path: Assets/VRShooting/Textures/BatSpecular.tif
  artifactKey: Guid(3a51fde69768ffe45b9d0fe68218682d) Importer(815301076,1909f56bfc062723c751e8b465ee728b)
Start importing Assets/VRShooting/Textures/BatSpecular.tif using Guid(3a51fde69768ffe45b9d0fe68218682d) Importer(815301076,1909f56bfc062723c751e8b465ee728b)  -> (artifact id: '378e7689dea67a00a91e6ad919d836c4') in 0.015967 seconds 
========================================================================
Received Import Request.
  Time since last request: 0.000013 seconds.
  path: Assets/VRShooting/Textures/DrawersDiffuse.png
  artifactKey: Guid(88553df029cf462428072d4ecb75273a) Importer(815301076,1909f56bfc062723c751e8b465ee728b)
Start importing Assets/VRShooting/Textures/DrawersDiffuse.png using Guid(88553df029cf462428072d4ecb75273a) Importer(815301076,1909f56bfc062723c751e8b465ee728b)  -> (artifact id: '401e806ee58cac279ac8dbac1d08b5ba') in 0.005128 seconds 
========================================================================
Received Import Request.
  Time since last request: 0.000011 seconds.
  path: Assets/VRShooting/Textures/ClockNormals.png
  artifactKey: Guid(0b02c1b0f2dee13469778171ed1ff9bb) Importer(815301076,1909f56bfc062723c751e8b465ee728b)
Start importing Assets/VRShooting/Textures/ClockNormals.png using Guid(0b02c1b0f2dee13469778171ed1ff9bb) Importer(815301076,1909f56bfc062723c751e8b465ee728b)  -> (artifact id: '76cae4fe6b43c60d271bc7ab7a419ee2') in 0.025694 seconds 
========================================================================
Received Import Request.
  Time since last request: 0.000012 seconds.
  path: Assets/VRShooting/Textures/ClockOcclusion.png
  artifactKey: Guid(bb14626fa3aa3aa4ba0c22e62cfd8b58) Importer(815301076,1909f56bfc062723c751e8b465ee728b)
Start importing Assets/VRShooting/Textures/ClockOcclusion.png using Guid(bb14626fa3aa3aa4ba0c22e62cfd8b58) Importer(815301076,1909f56bfc062723c751e8b465ee728b)  -> (artifact id: 'c7c5623a206018642abcab429559d671') in 0.004701 seconds 
========================================================================
Received Import Request.
  Time since last request: 0.000011 seconds.
  path: Assets/VRShooting/Textures/DollhouseDiffuse.png
  artifactKey: Guid(91e5744fc7025b34b9a274ab36df7e0c) Importer(815301076,1909f56bfc062723c751e8b465ee728b)
Start importing Assets/VRShooting/Textures/DollhouseDiffuse.png using Guid(91e5744fc7025b34b9a274ab36df7e0c) Importer(815301076,1909f56bfc062723c751e8b465ee728b)  -> (artifact id: '8fc168941afa1a4b5f136eafada5af98') in 0.011062 seconds 
========================================================================
Received Import Request.
  Time since last request: 0.000012 seconds.
  path: Assets/VRShooting/Textures/BloxDiffuse.png
  artifactKey: Guid(b4d1c7d98e9dba44abe28774b401b5b2) Importer(815301076,1909f56bfc062723c751e8b465ee728b)
Start importing Assets/VRShooting/Textures/BloxDiffuse.png using Guid(b4d1c7d98e9dba44abe28774b401b5b2) Importer(815301076,1909f56bfc062723c751e8b465ee728b)  -> (artifact id: 'eec5a52bc73b47fd3db36bf7ac3caa17') in 0.004959 seconds 
========================================================================
Received Import Request.
  Time since last request: 0.000014 seconds.
  path: Assets/VRShooting/Textures/DollhouseSpecular.tif
  artifactKey: Guid(bd717824af089434aada5d941efbbe36) Importer(815301076,1909f56bfc062723c751e8b465ee728b)
Start importing Assets/VRShooting/Textures/DollhouseSpecular.tif using Guid(bd717824af089434aada5d941efbbe36) Importer(815301076,1909f56bfc062723c751e8b465ee728b)  -> (artifact id: 'b96050136f4ce9f995b46fc5f43363ef') in 0.004992 seconds 
========================================================================
Received Import Request.
  Time since last request: 7.702257 seconds.
  path: Assets/VRShooting/Textures/DrawersNormals.png
  artifactKey: Guid(18683334a2daa4f40a666d3499c6eb81) Importer(815301076,1909f56bfc062723c751e8b465ee728b)
Start importing Assets/VRShooting/Textures/DrawersNormals.png using Guid(18683334a2daa4f40a666d3499c6eb81) Importer(815301076,1909f56bfc062723c751e8b465ee728b)  -> (artifact id: '97dff920d949dc6809d8b0f2b1abead5') in 0.008892 seconds 
========================================================================
Received Import Request.
  Time since last request: 2.096532 seconds.
  path: Assets/VRShooting/Textures/DrawersSpecular.tif
  artifactKey: Guid(3e81aed82f687094da25b33759ee1c30) Importer(815301076,1909f56bfc062723c751e8b465ee728b)
Start importing Assets/VRShooting/Textures/DrawersSpecular.tif using Guid(3e81aed82f687094da25b33759ee1c30) Importer(815301076,1909f56bfc062723c751e8b465ee728b)  -> (artifact id: '645fa9a1627d20f528b40d03d551cbc3') in 0.004807 seconds 
========================================================================
Received Import Request.
  Time since last request: 6.543037 seconds.
  path: Assets/VRShooting/Textures/FiretruckNormals.png
  artifactKey: Guid(0c47d4390b5db234dbe536895f43495d) Importer(815301076,1909f56bfc062723c751e8b465ee728b)
Start importing Assets/VRShooting/Textures/FiretruckNormals.png using Guid(0c47d4390b5db234dbe536895f43495d) Importer(815301076,1909f56bfc062723c751e8b465ee728b)  -> (artifact id: '9851e5e709370f5caa92880dda330647') in 0.007503 seconds 
========================================================================
Received Import Request.
  Time since last request: 0.036568 seconds.
  path: Assets/VRShooting/Textures/FiretruckSpecular.tif
  artifactKey: Guid(04ebcf76f8471d946a0c79bc029b4141) Importer(815301076,1909f56bfc062723c751e8b465ee728b)
Start importing Assets/VRShooting/Textures/FiretruckSpecular.tif using Guid(04ebcf76f8471d946a0c79bc029b4141) Importer(815301076,1909f56bfc062723c751e8b465ee728b)  -> (artifact id: 'bd6f286221fe069f8bff056b5d984e24') in 0.013389 seconds 
========================================================================
Received Import Request.
  Time since last request: 0.049412 seconds.
  path: Assets/VRShooting/Textures/GunNormals.png
  artifactKey: Guid(8128aa17b6fcbb64e893327f11ab0239) Importer(815301076,1909f56bfc062723c751e8b465ee728b)
Start importing Assets/VRShooting/Textures/GunNormals.png using Guid(8128aa17b6fcbb64e893327f11ab0239) Importer(815301076,1909f56bfc062723c751e8b465ee728b)  -> (artifact id: 'df81d1e20db98feea805ec8e20d83c92') in 0.011391 seconds 
========================================================================
Received Import Request.
  Time since last request: 13.186186 seconds.
  path: Assets/VRShooting/Materials/FlareParticleMaterial.mat
  artifactKey: Guid(b75a561f374f89247a62336b50288d40) Importer(815301076,1909f56bfc062723c751e8b465ee728b)
Start importing Assets/VRShooting/Materials/FlareParticleMaterial.mat using Guid(b75a561f374f89247a62336b50288d40) Importer(815301076,1909f56bfc062723c751e8b465ee728b)  -> (artifact id: '01c7fd5a9ee9cd50c8636f4b13acbe78') in 0.274809 seconds 
========================================================================
Received Import Request.
  Time since last request: 0.000014 seconds.
  path: Assets/VRShooting/Materials/ReflectorMaterial.mat
  artifactKey: Guid(77418298633c084438f31c2c9714713c) Importer(815301076,1909f56bfc062723c751e8b465ee728b)
Start importing Assets/VRShooting/Materials/ReflectorMaterial.mat using Guid(77418298633c084438f31c2c9714713c) Importer(815301076,1909f56bfc062723c751e8b465ee728b)  -> (artifact id: '35bf131efaea98cfa19eab5e43354789') in 0.139210 seconds 
========================================================================
Received Import Request.
  Time since last request: 0.000021 seconds.
  path: Assets/VRShooting/Materials/ZombunnyMaterial.mat
  artifactKey: Guid(90309a9ae07af7a4baf27031c594f369) Importer(815301076,1909f56bfc062723c751e8b465ee728b)
Start importing Assets/VRShooting/Materials/ZombunnyMaterial.mat using Guid(90309a9ae07af7a4baf27031c594f369) Importer(815301076,1909f56bfc062723c751e8b465ee728b)  -> (artifact id: 'ee98e91c8a0fe67c8dc4b7d1d409aea3') in 0.135571 seconds 
========================================================================
Received Import Request.
  Time since last request: 165.218978 seconds.
  path: Assets/VRShooting/Models/Environment
  artifactKey: Guid(6ea2ce33f2b95f84abc6baef6a05c0d5) Importer(815301076,1909f56bfc062723c751e8b465ee728b)
Start importing Assets/VRShooting/Models/Environment using Guid(6ea2ce33f2b95f84abc6baef6a05c0d5) Importer(815301076,1909f56bfc062723c751e8b465ee728b)  -> (artifact id: '849942717af9a4ac47b60d5a8ebd21c1') in 0.000919 seconds 
========================================================================
Received Import Request.
  Time since last request: 0.115429 seconds.
  path: Assets/VRShooting/Models/Environment/Arches.fbx
  artifactKey: Guid(83ce4d1897bf5de438ba201190387a04) Importer(815301076,1909f56bfc062723c751e8b465ee728b)
Start importing Assets/VRShooting/Models/Environment/Arches.fbx using Guid(83ce4d1897bf5de438ba201190387a04) Importer(815301076,1909f56bfc062723c751e8b465ee728b)  -> (artifact id: '00f9d75418f29a56a99212aaafd697b8') in 0.283861 seconds 
========================================================================
Received Import Request.
  Time since last request: 0.000013 seconds.
  path: Assets/VRShooting/Models/Environment/Blox.FBX
  artifactKey: Guid(6b9fc1d48e3e9874da5b00cc4970419a) Importer(815301076,1909f56bfc062723c751e8b465ee728b)
Start importing Assets/VRShooting/Models/Environment/Blox.FBX using Guid(6b9fc1d48e3e9874da5b00cc4970419a) Importer(815301076,1909f56bfc062723c751e8b465ee728b)  -> (artifact id: '11e8fa256d45b50fcb2a1a25ddfcaf82') in 0.120904 seconds 
========================================================================
Received Import Request.
  Time since last request: 0.000020 seconds.
  path: Assets/VRShooting/Models/Environment/Hearse.FBX
  artifactKey: Guid(83c124e5c28d49149a336502dc0e1e2d) Importer(815301076,1909f56bfc062723c751e8b465ee728b)
Start importing Assets/VRShooting/Models/Environment/Hearse.FBX using Guid(83c124e5c28d49149a336502dc0e1e2d) Importer(815301076,1909f56bfc062723c751e8b465ee728b)  -> (artifact id: 'b8f821279a17d3d326f638516c5f8652') in 0.009695 seconds 
========================================================================
Received Import Request.
  Time since last request: 0.000013 seconds.
  path: Assets/VRShooting/Models/Environment/DollArm.FBX
  artifactKey: Guid(121b3e7b2d66aca4fa4d229a6d434b89) Importer(815301076,1909f56bfc062723c751e8b465ee728b)
Start importing Assets/VRShooting/Models/Environment/DollArm.FBX using Guid(121b3e7b2d66aca4fa4d229a6d434b89) Importer(815301076,1909f56bfc062723c751e8b465ee728b)  -> (artifact id: 'c1379033513cff069f325b51650f4476') in 0.009754 seconds 
========================================================================
Received Import Request.
  Time since last request: 0.000011 seconds.
  path: Assets/VRShooting/Models/Environment/Stool.FBX
  artifactKey: Guid(29339104c7d69b346a4f1585f2be81d8) Importer(815301076,1909f56bfc062723c751e8b465ee728b)
Start importing Assets/VRShooting/Models/Environment/Stool.FBX using Guid(29339104c7d69b346a4f1585f2be81d8) Importer(815301076,1909f56bfc062723c751e8b465ee728b)  -> (artifact id: '520cc2526e99ce309fe38fc7680002a5') in 0.009601 seconds 
========================================================================
Received Import Request.
  Time since last request: 5.366320 seconds.
  path: Assets/VRShooting/Models/Characters/Hellephant.fbx
  artifactKey: Guid(b77f122f451a2394898a24191c26107c) Importer(815301076,1909f56bfc062723c751e8b465ee728b)
Start importing Assets/VRShooting/Models/Characters/Hellephant.fbx using Guid(b77f122f451a2394898a24191c26107c) Importer(815301076,1909f56bfc062723c751e8b465ee728b)  -> (artifact id: '938aa573ba30f5302a59ff2324b8fb5d') in 0.040385 seconds 
Editor requested this worker to shutdown with reason: Scaling down because of idle timeout
AssetImportWorkerClient::OnTransportError - code=2 error=End of file
AssetImportWorker is now disconnected from the server
Process exiting
Exiting without the bug reporter. Application will terminate with return code 0