Using pre-set license
Built from '2021.3/staging' branch; Version is '2021.3.22f1 (b6c551784ba3) revision 11978065'; Using compiler version '192829333'; Build Type 'Release'
OS: 'Windows 11  (10.0.22621) 64bit Core' Language: 'ko' Physical Memory: 32559 MB
BatchMode: 1, IsHumanControllingUs: 0, StartBugReporterOnCrash: 0, Is64bit: 1, IsPro: 1

COMMAND LINE ARGUMENTS:
C:\Program Files\Unity\Hub\Editor\2021.3.22f1\Editor\Unity.exe
-adb2
-batchMode
-noUpm
-name
AssetImportWorker6
-projectPath
D:/Unity/VRShooting
-logFile
Logs/AssetImportWorker6.log
-srvPort
5704
Successfully changed project path to: D:/Unity/VRShooting
D:/Unity/VRShooting
[UnityMemory] Configuration Parameters - Can be set up in boot.config
    "memorysetup-bucket-allocator-granularity=16"
    "memorysetup-bucket-allocator-bucket-count=8"
    "memorysetup-bucket-allocator-block-size=33554432"
    "memorysetup-bucket-allocator-block-count=8"
    "memorysetup-main-allocator-block-size=16777216"
    "memorysetup-thread-allocator-block-size=16777216"
    "memorysetup-gfx-main-allocator-block-size=16777216"
    "memorysetup-gfx-thread-allocator-block-size=16777216"
    "memorysetup-cache-allocator-block-size=4194304"
    "memorysetup-typetree-allocator-block-size=2097152"
    "memorysetup-profiler-bucket-allocator-granularity=16"
    "memorysetup-profiler-bucket-allocator-bucket-count=8"
    "memorysetup-profiler-bucket-allocator-block-size=33554432"
    "memorysetup-profiler-bucket-allocator-block-count=8"
    "memorysetup-profiler-allocator-block-size=16777216"
    "memorysetup-profiler-editor-allocator-block-size=1048576"
    "memorysetup-temp-allocator-size-main=16777216"
    "memorysetup-job-temp-allocator-block-size=2097152"
    "memorysetup-job-temp-allocator-block-size-background=1048576"
    "memorysetup-job-temp-allocator-reduction-small-platforms=262144"
    "memorysetup-temp-allocator-size-background-worker=32768"
    "memorysetup-temp-allocator-size-job-worker=262144"
    "memorysetup-temp-allocator-size-preload-manager=33554432"
    "memorysetup-temp-allocator-size-nav-mesh-worker=65536"
    "memorysetup-temp-allocator-size-audio-worker=65536"
    "memorysetup-temp-allocator-size-cloud-worker=32768"
    "memorysetup-temp-allocator-size-gi-baking-worker=262144"
    "memorysetup-temp-allocator-size-gfx=262144"
Player connection [22504] Host "[IP] 192.168.0.13 [Port] 0 [Flags] 2 [Guid] 3510159822 [EditorId] 3510159822 [Version] 1048832 [Id] WindowsEditor(7,ksw) [Debug] 1 [PackageName] WindowsEditor [ProjectName] Editor" joined multi-casting on [225.0.0.222:54997]...

Player connection [22504] Host "[IP] 192.168.0.13 [Port] 0 [Flags] 2 [Guid] 3510159822 [EditorId] 3510159822 [Version] 1048832 [Id] WindowsEditor(7,ksw) [Debug] 1 [PackageName] WindowsEditor [ProjectName] Editor" joined alternative multi-casting on [225.0.0.222:34997]...

Refreshing native plugins compatible for Editor in 84.13 ms, found 3 plugins.
Preloading 0 native plugins for Editor in 0.00 ms.
Initialize engine version: 2021.3.22f1 (b6c551784ba3)
[Subsystems] Discovering subsystems at path C:/Program Files/Unity/Hub/Editor/2021.3.22f1/Editor/Data/Resources/UnitySubsystems
[Subsystems] Discovering subsystems at path D:/Unity/VRShooting/Assets
GfxDevice: creating device client; threaded=0; jobified=0
Direct3D:
    Version:  Direct3D 11.0 [level 11.1]
    Renderer: NVIDIA GeForce RTX 3060 Ti (ID=0x2489)
    Vendor:   NVIDIA
    VRAM:     8050 MB
    Driver:   30.0.15.1215
Initialize mono
Mono path[0] = 'C:/Program Files/Unity/Hub/Editor/2021.3.22f1/Editor/Data/Managed'
Mono path[1] = 'C:/Program Files/Unity/Hub/Editor/2021.3.22f1/Editor/Data/MonoBleedingEdge/lib/mono/unityjit-win32'
Mono config path = 'C:/Program Files/Unity/Hub/Editor/2021.3.22f1/Editor/Data/MonoBleedingEdge/etc'
Using monoOptions --debugger-agent=transport=dt_socket,embedding=1,server=y,suspend=n,address=127.0.0.1:56060
Begin MonoManager ReloadAssembly
Registering precompiled unity dll's ...
Register platform support module: C:/Program Files/Unity/Hub/Editor/2021.3.22f1/Editor/Data/PlaybackEngines/AndroidPlayer/UnityEditor.Android.Extensions.dll
Register platform support module: C:/Program Files/Unity/Hub/Editor/2021.3.22f1/Editor/Data/PlaybackEngines/iOSSupport/UnityEditor.iOS.Extensions.dll
Register platform support module: C:/Program Files/Unity/Hub/Editor/2021.3.22f1/Editor/Data/PlaybackEngines/WindowsStandaloneSupport/UnityEditor.WindowsStandalone.Extensions.dll
Registered in 0.051754 seconds.
Native extension for WindowsStandalone target not found
[usbmuxd] Start listen thread
[usbmuxd] Listen thread started
Native extension for iOS target not found
Native extension for Android target not found
Android Extension - Scanning For ADB Devices 494 ms
Refreshing native plugins compatible for Editor in 43.32 ms, found 3 plugins.
Preloading 0 native plugins for Editor in 0.00 ms.
Mono: successfully reloaded assembly
- Completed reload, in  2.276 seconds
Domain Reload Profiling:
	ReloadAssembly (2276ms)
		BeginReloadAssembly (1136ms)
			ExecutionOrderSort (0ms)
			DisableScriptedObjects (0ms)
			BackupInstance (0ms)
			ReleaseScriptingObjects (0ms)
			CreateAndSetChildDomain (0ms)
		EndReloadAssembly (955ms)
			LoadAssemblies (1134ms)
			RebuildTransferFunctionScriptingTraits (0ms)
			SetupTypeCache (187ms)
			ReleaseScriptCaches (0ms)
			RebuildScriptCaches (20ms)
			SetupLoadedEditorAssemblies (699ms)
				LogAssemblyErrors (0ms)
				InitializePlatformSupportModulesInManaged (569ms)
				SetLoadedEditorAssemblies (0ms)
				RefreshPlugins (43ms)
				BeforeProcessingInitializeOnLoad (1ms)
				ProcessInitializeOnLoadAttributes (51ms)
				ProcessInitializeOnLoadMethodAttributes (35ms)
				AfterProcessingInitializeOnLoad (0ms)
				EditorAssembliesLoaded (0ms)
			ExecutionOrderSort2 (0ms)
			AwakeInstancesAfterBackupRestoration (0ms)
Platform modules already initialized, skipping
Registering precompiled user dll's ...
Registered in 0.678551 seconds.
Begin MonoManager ReloadAssembly
Symbol file LoadedFromMemory doesn't match image D:\Unity\VRShooting\Library\PackageCache\com.unity.visualscripting@1.8.0\Editor\VisualScripting.Core\Dependencies\YamlDotNet\Unity.VisualScripting.YamlDotNet.dll
Symbol file LoadedFromMemory doesn't match image D:\Unity\VRShooting\Library\PackageCache\com.unity.visualscripting@1.8.0\Editor\VisualScripting.Core\Dependencies\DotNetZip\Unity.VisualScripting.IonicZip.dll
Native extension for WindowsStandalone target not found
Native extension for iOS target not found
Native extension for Android target not found
Refreshing native plugins compatible for Editor in 0.33 ms, found 3 plugins.
Preloading 0 native plugins for Editor in 0.00 ms.
Mono: successfully reloaded assembly
- Completed reload, in  0.984 seconds
Domain Reload Profiling:
	ReloadAssembly (984ms)
		BeginReloadAssembly (120ms)
			ExecutionOrderSort (0ms)
			DisableScriptedObjects (3ms)
			BackupInstance (0ms)
			ReleaseScriptingObjects (0ms)
			CreateAndSetChildDomain (12ms)
		EndReloadAssembly (787ms)
			LoadAssemblies (294ms)
			RebuildTransferFunctionScriptingTraits (0ms)
			SetupTypeCache (248ms)
			ReleaseScriptCaches (0ms)
			RebuildScriptCaches (27ms)
			SetupLoadedEditorAssemblies (218ms)
				LogAssemblyErrors (0ms)
				InitializePlatformSupportModulesInManaged (21ms)
				SetLoadedEditorAssemblies (0ms)
				RefreshPlugins (0ms)
				BeforeProcessingInitializeOnLoad (53ms)
				ProcessInitializeOnLoadAttributes (119ms)
				ProcessInitializeOnLoadMethodAttributes (11ms)
				AfterProcessingInitializeOnLoad (13ms)
				EditorAssembliesLoaded (0ms)
			ExecutionOrderSort2 (0ms)
			AwakeInstancesAfterBackupRestoration (10ms)
Platform modules already initialized, skipping
========================================================================
Worker process is ready to serve import requests
Launched and connected shader compiler UnityShaderCompiler.exe after 0.09 seconds
Refreshing native plugins compatible for Editor in 0.31 ms, found 3 plugins.
Preloading 0 native plugins for Editor in 0.00 ms.
Unloading 3047 Unused Serialized files (Serialized files now loaded: 0)
Unloading 24 unused Assets / (113.4 KB). Loaded Objects now: 3509.
Memory consumption went from 112.1 MB to 111.9 MB.
Total: 2.030000 ms (FindLiveObjects: 0.157200 ms CreateObjectMapping: 0.095100 ms MarkObjects: 1.713900 ms  DeleteObjects: 0.062300 ms)

AssetImportParameters requested are different than current active one (requested -> active):
  custom:video-decoder-ogg-theora: a1e56fd34408186e4bbccfd4996cb3dc -> 
  custom:container-muxer-webm: aa71ff27fc2769a1b78a27578f13a17b -> 
  custom:container-demuxer-webm: 4f35f7cbe854078d1ac9338744f61a02 -> 
  custom:video-encoder-webm-vp8: eb34c28f22e8b96e1ab97ce403110664 -> 
  custom:audio-encoder-webm-vorbis: bf7c407c2cedff20999df2af8eb42d56 -> 
  custom:framework-win-MediaFoundation: 216162199b28c13a410421893ffa2e32 -> 
  custom:container-demuxer-ogg: 62fdf1f143b41e24485cea50d1cbac27 -> 
  custom:video-decoder-webm-vp8: 9c59270c3fd7afecdb556c50c9e8de78 -> 
  custom:audio-decoder-ogg-vorbis: bf7c407c2cedff20999df2af8eb42d56 -> 
========================================================================
Received Import Request.
  Time since last request: 3961.882938 seconds.
  path: Assets/VRShooting/Textures/DrawersOcclusion.png
  artifactKey: Guid(b49cb1af3dbbf9044a5bdb0a875c2359) Importer(815301076,1909f56bfc062723c751e8b465ee728b)
Start importing Assets/VRShooting/Textures/DrawersOcclusion.png using Guid(b49cb1af3dbbf9044a5bdb0a875c2359) Importer(815301076,1909f56bfc062723c751e8b465ee728b)  -> (artifact id: '348a39ae057083b1110eec78cfd2ece0') in 0.055844 seconds 
========================================================================
Received Import Request.
  Time since last request: 2.049223 seconds.
  path: Assets/VRShooting/Textures/FiretruckDiffuse.png
  artifactKey: Guid(48404ff521e16d149b89fa6e446741ac) Importer(815301076,1909f56bfc062723c751e8b465ee728b)
Start importing Assets/VRShooting/Textures/FiretruckDiffuse.png using Guid(48404ff521e16d149b89fa6e446741ac) Importer(815301076,1909f56bfc062723c751e8b465ee728b)  -> (artifact id: '3c342a7a6707d6f90d18d06206420550') in 0.006221 seconds 
========================================================================
Received Import Request.
  Time since last request: 6.541544 seconds.
  path: Assets/VRShooting/Textures/FiretruckOcclusion.png
  artifactKey: Guid(2ff3693a6a961b2439e15117174ce957) Importer(815301076,1909f56bfc062723c751e8b465ee728b)
Start importing Assets/VRShooting/Textures/FiretruckOcclusion.png using Guid(2ff3693a6a961b2439e15117174ce957) Importer(815301076,1909f56bfc062723c751e8b465ee728b)  -> (artifact id: '3ad2c6a73e7af8b5b2cd9749bccb6292') in 0.008989 seconds 
========================================================================
Received Import Request.
  Time since last request: 0.035129 seconds.
  path: Assets/VRShooting/Textures/GunDiffuse.png
  artifactKey: Guid(66cc5581f2192a549b9b9270381c9be7) Importer(815301076,1909f56bfc062723c751e8b465ee728b)
Start importing Assets/VRShooting/Textures/GunDiffuse.png using Guid(66cc5581f2192a549b9b9270381c9be7) Importer(815301076,1909f56bfc062723c751e8b465ee728b)  -> (artifact id: 'fa02639a2ede55624d0c23f0224c7696') in 0.014144 seconds 
========================================================================
Received Import Request.
  Time since last request: 0.048706 seconds.
  path: Assets/VRShooting/Textures/GunOcclusion.png
  artifactKey: Guid(02dff1fe2bc5e6f43b5ac5780d1c3b46) Importer(815301076,1909f56bfc062723c751e8b465ee728b)
Start importing Assets/VRShooting/Textures/GunOcclusion.png using Guid(02dff1fe2bc5e6f43b5ac5780d1c3b46) Importer(815301076,1909f56bfc062723c751e8b465ee728b)  -> (artifact id: '62dd14afdb992900731c2250205f5089') in 0.011412 seconds 
========================================================================
Received Import Request.
  Time since last request: 13.186999 seconds.
  path: Assets/VRShooting/Materials/FluffParticleMaterial.mat
  artifactKey: Guid(01ffe1f3679a0894087ea5e74106fb93) Importer(815301076,1909f56bfc062723c751e8b465ee728b)
Start importing Assets/VRShooting/Materials/FluffParticleMaterial.mat using Guid(01ffe1f3679a0894087ea5e74106fb93) Importer(815301076,1909f56bfc062723c751e8b465ee728b)  -> (artifact id: 'd126794809b5a21ae291a9dd19b42b55') in 0.301465 seconds 
========================================================================
Received Import Request.
  Time since last request: 0.000013 seconds.
  path: Assets/VRShooting/Materials/StoolMaterial.mat
  artifactKey: Guid(e216d9a237468f4458c2662e19f60c81) Importer(815301076,1909f56bfc062723c751e8b465ee728b)
Start importing Assets/VRShooting/Materials/StoolMaterial.mat using Guid(e216d9a237468f4458c2662e19f60c81) Importer(815301076,1909f56bfc062723c751e8b465ee728b)  -> (artifact id: '620190b57ffd43e92c6f344d120bc9a8') in 0.137353 seconds 
========================================================================
Received Import Request.
  Time since last request: 0.000021 seconds.
  path: Assets/VRShooting/Materials/PlanksMaterial.mat
  artifactKey: Guid(c9fdccd01cd0c3d40af6eb4f901b3b24) Importer(815301076,1909f56bfc062723c751e8b465ee728b)
Start importing Assets/VRShooting/Materials/PlanksMaterial.mat using Guid(c9fdccd01cd0c3d40af6eb4f901b3b24) Importer(815301076,1909f56bfc062723c751e8b465ee728b)  -> (artifact id: 'a69b2d805dda7d76ae3fb15021acfeb5') in 0.012156 seconds 
========================================================================
Received Import Request.
  Time since last request: 0.000017 seconds.
  path: Assets/VRShooting/Materials/PlayerMaterial.mat
  artifactKey: Guid(3ea44298aa419344dbdcf87dd1a50533) Importer(815301076,1909f56bfc062723c751e8b465ee728b)
Start importing Assets/VRShooting/Materials/PlayerMaterial.mat using Guid(3ea44298aa419344dbdcf87dd1a50533) Importer(815301076,1909f56bfc062723c751e8b465ee728b)  -> (artifact id: '1d4b6a381c42123fbccbb654946efe27') in 0.007814 seconds 
Editor requested this worker to shutdown with reason: Scaling down because of idle timeout
AssetImportWorker is now disconnected from the server
Process exiting
Exiting without the bug reporter. Application will terminate with return code 0